Log file open, 10/19/18 18:48:14
LogWindows: Failed to load 'aqProf.dll' (GetLastError=126)
LogWindows: File 'aqProf.dll' does not exist
LogWindows: Failed to load 'VtuneApi.dll' (GetLastError=126)
LogWindows: File 'VtuneApi.dll' does not exist
LogWindows: Failed to load 'VtuneApi32e.dll' (GetLastError=126)
LogWindows: File 'VtuneApi32e.dll' does not exist
LogInit: Display: Running engine for game: FIT2097Assignment2
LogPlatformFile: Not using cached read wrapper
LogInit: Display: RandInit(1987606662) SRandInit(1987606663).
LogInit: Read version file with build ID '3944462'
LogInit: Overriding engine version to CL 4033788, compatible CL 3944462
LogInit: Registered custom module enumerator with build ID '3944462'
LogTaskGraph: Started task graph with 5 named threads and 23 total threads with 3 sets of task threads.
LogStats: Stats thread started at 0.959113
LogD3D11RHI: Aftermath initialized
LogICUInternationalization: Display: ICU TimeZone Detection - Raw Offset: +10:00, Platform Override: ''
LogPluginManager: Mounting plugin Paper2D
LogPluginManager: Mounting plugin LiveLink
LogPluginManager: Mounting plugin LightPropagationVolume
LogPluginManager: Mounting plugin CLionSourceCodeAccess
LogPluginManager: Mounting plugin CodeLiteSourceCodeAccess
LogPluginManager: Mounting plugin GitSourceControl
LogPluginManager: Mounting plugin KDevelopSourceCodeAccess
LogPluginManager: Mounting plugin NullSourceCodeAccess
LogPluginManager: Mounting plugin PerforceSourceControl
LogPluginManager: Mounting plugin SubversionSourceControl
LogPluginManager: Mounting plugin UObjectPlugin
LogPluginManager: Mounting plugin VisualStudioCodeSourceCodeAccess
LogPluginManager: Mounting plugin VisualStudioSourceCodeAccess
LogPluginManager: Mounting plugin XCodeSourceCodeAccess
LogPluginManager: Mounting plugin AssetManagerEditor
LogPluginManager: Mounting plugin CryptoKeys
LogPluginManager: Mounting plugin DataValidation
LogPluginManager: Mounting plugin FacialAnimation
LogPluginManager: Mounting plugin GameplayTagsEditor
LogPluginManager: Mounting plugin MobileLauncherProfileWizard
LogPluginManager: Mounting plugin PluginBrowser
LogPluginManager: Mounting plugin SpeedTreeImporter
LogPluginManager: Mounting plugin DatasmithContent
LogPluginManager: Mounting plugin AlembicImporter
LogPluginManager: Mounting plugin CharacterAI
LogPluginManager: Mounting plugin HTML5Networking
LogPluginManager: Mounting plugin AndroidMedia
LogPluginManager: Mounting plugin AvfMedia
LogPluginManager: Mounting plugin ImgMedia
LogPluginManager: Mounting plugin LinearTimecode
LogPluginManager: Mounting plugin MediaCompositing
LogPluginManager: Mounting plugin MediaPlayerEditor
LogPluginManager: Mounting plugin WmfMedia
LogPluginManager: Mounting plugin TcpMessaging
LogPluginManager: Mounting plugin UdpMessaging
LogPluginManager: Mounting plugin ActorSequence
LogPluginManager: Mounting plugin LevelSequenceEditor
LogPluginManager: Mounting plugin MatineeToLevelSequence
LogPluginManager: Mounting plugin NetcodeUnitTest
LogPluginManager: Mounting plugin NUTUnrealEngine4
LogPluginManager: Mounting plugin OnlineSubsystemGooglePlay
LogPluginManager: Mounting plugin OnlineSubsystemIOS
LogPluginManager: Mounting plugin OnlineSubsystem
LogPluginManager: Mounting plugin OnlineSubsystemNull
LogPluginManager: Mounting plugin OnlineSubsystemUtils
LogPluginManager: Mounting plugin AndroidDeviceProfileSelector
LogPluginManager: Mounting plugin AndroidMoviePlayer
LogPluginManager: Mounting plugin AndroidPermission
LogPluginManager: Mounting plugin AppleARKit
LogPluginManager: Mounting plugin AppleMoviePlayer
LogPluginManager: Mounting plugin ArchVisCharacter
LogPluginManager: Mounting plugin AudioCapture
LogPluginManager: Mounting plugin CableComponent
LogPluginManager: Mounting plugin CustomMeshComponent
LogPluginManager: Mounting plugin ExampleDeviceProfileSelector
LogPluginManager: Mounting plugin GoogleCloudMessaging
LogPluginManager: Mounting plugin ImmediatePhysics
LogPluginManager: Mounting plugin IOSDeviceProfileSelector
LogPluginManager: Mounting plugin LinuxDeviceProfileSelector
LogPluginManager: Mounting plugin LocationServicesBPLibrary
LogPluginManager: Mounting plugin MobilePatchingUtils
LogPluginManager: Mounting plugin OculusVR
LogPluginManager: Plugin shader directory ../../../Engine/Plugins/Runtime/Oculus/OculusVR/Shaders found
LogPluginManager: Mapping shader source directory ../../../Engine/Plugins/Runtime/Oculus/OculusVR/Shaders to virtual directory /Plugin/OculusVR
LogPluginManager: Mounting plugin PhysXVehicles
LogPluginManager: Mounting plugin ProceduralMeshComponent
LogPluginManager: Mounting plugin RuntimePhysXCooking
LogPluginManager: Mounting plugin SteamVR
LogPluginManager: Mounting plugin WindowsMoviePlayer
LogStreaming: Display: Took  0.784s to configure plugins.
LogModuleManager: Display: Found up-to-date module file ../../../../../../Users/Matthew Chu/Documents/FIT2097/FIT2097 Assignment 2/FIT2097Assignment2/Binaries/Win64/UE4Editor-FIT2097Assignment2-3487.dll (API version 3944462).
LogModuleManager: Display: Found up-to-date module file ../../../Engine/Plugins/2D/Paper2D/Binaries/Win64/UE4Editor-Paper2D.dll (API version 3944462).
LogModuleManager: Display: Found up-to-date module file ../../../Engine/Plugins/2D/Paper2D/Binaries/Win64/UE4Editor-Paper2DEditor.dll (API version 3944462).
LogModuleManager: Display: Found up-to-date module file ../../../Engine/Plugins/2D/Paper2D/Binaries/Win64/UE4Editor-PaperSpriteSheetImporter.dll (API version 3944462).
LogModuleManager: Display: Found up-to-date module file ../../../Engine/Plugins/2D/Paper2D/Binaries/Win64/UE4Editor-PaperTiledImporter.dll (API version 3944462).
LogModuleManager: Display: Found up-to-date module file ../../../Engine/Plugins/2D/Paper2D/Binaries/Win64/UE4Editor-SmartSnapping.dll (API version 3944462).
LogModuleManager: Display: Found up-to-date module file ../../../Engine/Plugins/Animation/LiveLink/Binaries/Win64/UE4Editor-LiveLink.dll (API version 3944462).
LogModuleManager: Display: Found up-to-date module file ../../../Engine/Plugins/Animation/LiveLink/Binaries/Win64/UE4Editor-LiveLinkEditor.dll (API version 3944462).
LogModuleManager: Display: Found up-to-date module file ../../../Engine/Plugins/Blendables/LightPropagationVolume/Binaries/Win64/UE4Editor-LightPropagationVolumeRuntime.dll (API version 3944462).
LogModuleManager: Display: Found up-to-date module file ../../../Engine/Plugins/Blendables/LightPropagationVolume/Binaries/Win64/UE4Editor-LightPropagationVolumeEditor.dll (API version 3944462).
LogModuleManager: Display: Found up-to-date module file ../../../Engine/Plugins/Developer/CLionSourceCodeAccess/Binaries/Win64/UE4Editor-CLionSourceCodeAccess.dll (API version 3944462).
LogModuleManager: Display: Found up-to-date module file ../../../Engine/Plugins/Developer/GitSourceControl/Binaries/Win64/UE4Editor-GitSourceControl.dll (API version 3944462).
LogModuleManager: Display: Found up-to-date module file ../../../Engine/Plugins/Developer/PerforceSourceControl/Binaries/Win64/UE4Editor-PerforceSourceControl.dll (API version 3944462).
LogModuleManager: Display: Found up-to-date module file ../../../Engine/Plugins/Developer/SubversionSourceControl/Binaries/Win64/UE4Editor-SubversionSourceControl.dll (API version 3944462).
LogModuleManager: Display: Found up-to-date module file ../../../Engine/Plugins/Developer/UObjectPlugin/Binaries/Win64/UE4Editor-UObjectPlugin.dll (API version 3944462).
LogModuleManager: Display: Found up-to-date module file ../../../Engine/Plugins/Developer/VisualStudioCodeSourceCodeAccess/Binaries/Win64/UE4Editor-VisualStudioCodeSourceCodeAccess.dll (API version 3944462).
LogModuleManager: Display: Found up-to-date module file ../../../Engine/Plugins/Developer/VisualStudioSourceCodeAccess/Binaries/Win64/UE4Editor-VisualStudioSourceCodeAccess.dll (API version 3944462).
LogModuleManager: Display: Found up-to-date module file ../../../Engine/Plugins/Editor/AssetManagerEditor/Binaries/Win64/UE4Editor-AssetManagerEditor.dll (API version 3944462).
LogModuleManager: Display: Found up-to-date module file ../../../Engine/Plugins/Editor/CryptoKeys/Binaries/Win64/UE4Editor-CryptoKeys.dll (API version 3944462).
LogModuleManager: Display: Found up-to-date module file ../../../Engine/Plugins/Editor/CryptoKeys/Binaries/Win64/UE4Editor-CryptoKeysOpenSSL.dll (API version 3944462).
LogModuleManager: Display: Found up-to-date module file ../../../Engine/Plugins/Editor/DataValidation/Binaries/Win64/UE4Editor-DataValidation.dll (API version 3944462).
LogModuleManager: Display: Found up-to-date module file ../../../Engine/Plugins/Editor/FacialAnimation/Binaries/Win64/UE4Editor-FacialAnimation.dll (API version 3944462).
LogModuleManager: Display: Found up-to-date module file ../../../Engine/Plugins/Editor/FacialAnimation/Binaries/Win64/UE4Editor-FacialAnimationEditor.dll (API version 3944462).
LogModuleManager: Display: Found up-to-date module file ../../../Engine/Plugins/Editor/GameplayTagsEditor/Binaries/Win64/UE4Editor-GameplayTagsEditor.dll (API version 3944462).
LogModuleManager: Display: Found up-to-date module file ../../../Engine/Plugins/Editor/MobileLauncherProfileWizard/Binaries/Win64/UE4Editor-MobileLauncherProfileWizard.dll (API version 3944462).
LogModuleManager: Display: Found up-to-date module file ../../../Engine/Plugins/Editor/PluginBrowser/Binaries/Win64/UE4Editor-PluginBrowser.dll (API version 3944462).
LogModuleManager: Display: Found up-to-date module file ../../../Engine/Plugins/Editor/SpeedTreeImporter/Binaries/Win64/UE4Editor-SpeedTreeImporter.dll (API version 3944462).
LogModuleManager: Display: Found up-to-date module file ../../../Engine/Plugins/Enterprise/DatasmithContent/Binaries/Win64/UE4Editor-DatasmithContent.dll (API version 3944462).
LogModuleManager: Display: Found up-to-date module file ../../../Engine/Plugins/Experimental/AlembicImporter/Binaries/Win64/UE4Editor-AlembicImporter.dll (API version 3944462).
LogModuleManager: Display: Found up-to-date module file ../../../Engine/Plugins/Experimental/AlembicImporter/Binaries/Win64/UE4Editor-AlembicLibrary.dll (API version 3944462).
LogModuleManager: Display: Found up-to-date module file ../../../Engine/Plugins/Experimental/CharacterAI/Binaries/Win64/UE4Editor-CharacterAI.dll (API version 3944462).
LogModuleManager: Display: Found up-to-date module file ../../../Engine/Plugins/Experimental/HTML5Networking/Binaries/Win64/UE4Editor-HTML5Networking.dll (API version 3944462).
LogModuleManager: Display: Found up-to-date module file ../../../Engine/Plugins/Media/AndroidMedia/Binaries/Win64/UE4Editor-AndroidMediaEditor.dll (API version 3944462).
LogModuleManager: Display: Found up-to-date module file ../../../Engine/Plugins/Media/AndroidMedia/Binaries/Win64/UE4Editor-AndroidMediaFactory.dll (API version 3944462).
LogModuleManager: Display: Found up-to-date module file ../../../Engine/Plugins/Media/AvfMedia/Binaries/Win64/UE4Editor-AvfMediaEditor.dll (API version 3944462).
LogModuleManager: Display: Found up-to-date module file ../../../Engine/Plugins/Media/AvfMedia/Binaries/Win64/UE4Editor-AvfMediaFactory.dll (API version 3944462).
LogModuleManager: Display: Found up-to-date module file ../../../Engine/Plugins/Media/AvfMedia/Binaries/Win64/UE4Editor-AvfMediaFactory.dll (API version 3944462).
LogModuleManager: Display: Found up-to-date module file ../../../Engine/Plugins/Media/ImgMedia/Binaries/Win64/UE4Editor-ImgMedia.dll (API version 3944462).
LogModuleManager: Display: Found up-to-date module file ../../../Engine/Plugins/Media/ImgMedia/Binaries/Win64/UE4Editor-ImgMediaEditor.dll (API version 3944462).
LogModuleManager: Display: Found up-to-date module file ../../../Engine/Plugins/Media/ImgMedia/Binaries/Win64/UE4Editor-ImgMediaFactory.dll (API version 3944462).
LogModuleManager: Display: Found up-to-date module file ../../../Engine/Plugins/Media/ImgMedia/Binaries/Win64/UE4Editor-ImgMediaFactory.dll (API version 3944462).
LogModuleManager: Display: Found up-to-date module file ../../../Engine/Plugins/Media/ImgMedia/Binaries/Win64/UE4Editor-OpenExrWrapper.dll (API version 3944462).
LogModuleManager: Display: Found up-to-date module file ../../../Engine/Plugins/Media/LinearTimecode/Binaries/Win64/UE4Editor-LinearTimecode.dll (API version 3944462).
LogModuleManager: Display: Found up-to-date module file ../../../Engine/Plugins/Media/MediaCompositing/Binaries/Win64/UE4Editor-MediaCompositing.dll (API version 3944462).
LogModuleManager: Display: Found up-to-date module file ../../../Engine/Plugins/Media/MediaCompositing/Binaries/Win64/UE4Editor-MediaCompositingEditor.dll (API version 3944462).
LogModuleManager: Display: Found up-to-date module file ../../../Engine/Plugins/Media/MediaPlayerEditor/Binaries/Win64/UE4Editor-MediaPlayerEditor.dll (API version 3944462).
LogModuleManager: Display: Found up-to-date module file ../../../Engine/Plugins/Media/WmfMedia/Binaries/Win64/UE4Editor-WmfMedia.dll (API version 3944462).
LogModuleManager: Display: Found up-to-date module file ../../../Engine/Plugins/Media/WmfMedia/Binaries/Win64/UE4Editor-WmfMediaEditor.dll (API version 3944462).
LogModuleManager: Display: Found up-to-date module file ../../../Engine/Plugins/Media/WmfMedia/Binaries/Win64/UE4Editor-WmfMediaFactory.dll (API version 3944462).
LogModuleManager: Display: Found up-to-date module file ../../../Engine/Plugins/Media/WmfMedia/Binaries/Win64/UE4Editor-WmfMediaFactory.dll (API version 3944462).
LogModuleManager: Display: Found up-to-date module file ../../../Engine/Plugins/Messaging/TcpMessaging/Binaries/Win64/UE4Editor-TcpMessaging.dll (API version 3944462).
LogModuleManager: Display: Found up-to-date module file ../../../Engine/Plugins/Messaging/UdpMessaging/Binaries/Win64/UE4Editor-UdpMessaging.dll (API version 3944462).
LogModuleManager: Display: Found up-to-date module file ../../../Engine/Plugins/MovieScene/ActorSequence/Binaries/Win64/UE4Editor-ActorSequence.dll (API version 3944462).
LogModuleManager: Display: Found up-to-date module file ../../../Engine/Plugins/MovieScene/LevelSequenceEditor/Binaries/Win64/UE4Editor-LevelSequenceEditor.dll (API version 3944462).
LogModuleManager: Display: Found up-to-date module file ../../../Engine/Plugins/MovieScene/MatineeToLevelSequence/Binaries/Win64/UE4Editor-MatineeToLevelSequence.dll (API version 3944462).
LogModuleManager: Display: Found up-to-date module file ../../../Engine/Plugins/NetcodeUnitTest/NetcodeUnitTest/Binaries/Win64/UE4Editor-NetcodeUnitTest.dll (API version 3944462).
LogModuleManager: Display: Found up-to-date module file ../../../Engine/Plugins/NetcodeUnitTest/NUTUnrealEngine4/Binaries/Win64/UE4Editor-NUTUnrealEngine4.dll (API version 3944462).
LogModuleManager: Display: Found up-to-date module file ../../../Engine/Plugins/Online/OnlineSubsystem/Binaries/Win64/UE4Editor-OnlineSubsystem.dll (API version 3944462).
LogModuleManager: Display: Found up-to-date module file ../../../Engine/Plugins/Online/OnlineSubsystemNull/Binaries/Win64/UE4Editor-OnlineSubsystemNull.dll (API version 3944462).
LogModuleManager: Display: Found up-to-date module file ../../../Engine/Plugins/Online/OnlineSubsystemUtils/Binaries/Win64/UE4Editor-OnlineSubsystemUtils.dll (API version 3944462).
LogModuleManager: Display: Found up-to-date module file ../../../Engine/Plugins/Online/OnlineSubsystemUtils/Binaries/Win64/UE4Editor-OnlineBlueprintSupport.dll (API version 3944462).
LogModuleManager: Display: Found up-to-date module file ../../../Engine/Plugins/Runtime/AndroidDeviceProfileSelector/Binaries/Win64/UE4Editor-AndroidDeviceProfileSelector.dll (API version 3944462).
LogModuleManager: Display: Found up-to-date module file ../../../Engine/Plugins/Runtime/AndroidPermission/Binaries/Win64/UE4Editor-AndroidPermission.dll (API version 3944462).
LogModuleManager: Display: Found up-to-date module file ../../../Engine/Plugins/Runtime/AppleARKit/Binaries/Win64/UE4Editor-AppleARKit.dll (API version 3944462).
LogModuleManager: Display: Found up-to-date module file ../../../Engine/Plugins/Runtime/ArchVisCharacter/Binaries/Win64/UE4Editor-ArchVisCharacter.dll (API version 3944462).
LogModuleManager: Display: Found up-to-date module file ../../../Engine/Plugins/Runtime/AudioCapture/Binaries/Win64/UE4Editor-AudioCapture.dll (API version 3944462).
LogModuleManager: Display: Found up-to-date module file ../../../Engine/Plugins/Runtime/AudioCapture/Binaries/Win64/UE4Editor-AudioCaptureEditor.dll (API version 3944462).
LogModuleManager: Display: Found up-to-date module file ../../../Engine/Plugins/Runtime/CableComponent/Binaries/Win64/UE4Editor-CableComponent.dll (API version 3944462).
LogModuleManager: Display: Found up-to-date module file ../../../Engine/Plugins/Runtime/CustomMeshComponent/Binaries/Win64/UE4Editor-CustomMeshComponent.dll (API version 3944462).
LogModuleManager: Display: Found up-to-date module file ../../../Engine/Plugins/Runtime/ExampleDeviceProfileSelector/Binaries/Win64/UE4Editor-ExampleDeviceProfileSelector.dll (API version 3944462).
LogModuleManager: Display: Found up-to-date module file ../../../Engine/Plugins/Runtime/ImmediatePhysics/Binaries/Win64/UE4Editor-ImmediatePhysics.dll (API version 3944462).
LogModuleManager: Display: Found up-to-date module file ../../../Engine/Plugins/Runtime/ImmediatePhysics/Binaries/Win64/UE4Editor-ImmediatePhysicsEditor.dll (API version 3944462).
LogModuleManager: Display: Found up-to-date module file ../../../Engine/Plugins/Runtime/LocationServicesBPLibrary/Binaries/Win64/UE4Editor-LocationServicesBPLibrary.dll (API version 3944462).
LogModuleManager: Display: Found up-to-date module file ../../../Engine/Plugins/Runtime/MobilePatchingUtils/Binaries/Win64/UE4Editor-MobilePatchingUtils.dll (API version 3944462).
LogModuleManager: Display: Found up-to-date module file ../../../Engine/Plugins/Runtime/Oculus/OculusVR/Binaries/Win64/UE4Editor-OculusHMD.dll (API version 3944462).
LogModuleManager: Display: Found up-to-date module file ../../../Engine/Plugins/Runtime/Oculus/OculusVR/Binaries/Win64/UE4Editor-OculusInput.dll (API version 3944462).
LogModuleManager: Display: Found up-to-date module file ../../../Engine/Plugins/Runtime/Oculus/OculusVR/Binaries/Win64/UE4Editor-OculusEditor.dll (API version 3944462).
LogModuleManager: Display: Found up-to-date module file ../../../Engine/Plugins/Runtime/PhysXVehicles/Binaries/Win64/UE4Editor-PhysXVehicles.dll (API version 3944462).
LogModuleManager: Display: Found up-to-date module file ../../../Engine/Plugins/Runtime/PhysXVehicles/Binaries/Win64/UE4Editor-PhysXVehiclesEditor.dll (API version 3944462).
LogModuleManager: Display: Found up-to-date module file ../../../Engine/Plugins/Runtime/ProceduralMeshComponent/Binaries/Win64/UE4Editor-ProceduralMeshComponent.dll (API version 3944462).
LogModuleManager: Display: Found up-to-date module file ../../../Engine/Plugins/Runtime/ProceduralMeshComponent/Binaries/Win64/UE4Editor-ProceduralMeshComponentEditor.dll (API version 3944462).
LogModuleManager: Display: Found up-to-date module file ../../../Engine/Plugins/Runtime/RuntimePhysXCooking/Binaries/Win64/UE4Editor-RuntimePhysXCooking.dll (API version 3944462).
LogModuleManager: Display: Found up-to-date module file ../../../Engine/Plugins/Runtime/Steam/SteamVR/Binaries/Win64/UE4Editor-SteamVR.dll (API version 3944462).
LogModuleManager: Display: Found up-to-date module file ../../../Engine/Plugins/Runtime/Steam/SteamVR/Binaries/Win64/UE4Editor-SteamVRController.dll (API version 3944462).
LogModuleManager: Display: Found up-to-date module file ../../../Engine/Plugins/Runtime/WindowsMoviePlayer/Binaries/Win64/UE4Editor-WindowsMoviePlayer.dll (API version 3944462).
LogInit: Using libcurl 7.47.1
LogInit:  - built for x86_64-pc-win32
LogInit:  - supports SSL with OpenSSL/1.0.2g
LogInit:  - supports HTTP deflate (compression) using libz 1.2.8
LogInit:  - other features:
LogInit:      CURL_VERSION_SSL
LogInit:      CURL_VERSION_LIBZ
LogInit:      CURL_VERSION_IPV6
LogInit:      CURL_VERSION_ASYNCHDNS
LogInit:      CURL_VERSION_LARGEFILE
LogInit:      CURL_VERSION_IDN
LogInit:  CurlRequestOptions (configurable via config and command line):
LogInit:  - bVerifyPeer = false  - Libcurl will NOT verify peer certificate
LogInit:  - bUseHttpProxy = false  - Libcurl will NOT use HTTP proxy
LogInit:  - bDontReuseConnections = false  - Libcurl will reuse connections
LogInit:  - CertBundlePath = nullptr  - Libcurl will use whatever was configured at build time.
LogInit:  - MaxHostConnections = 16  - Libcurl will limit the number of connections to a host
LogInit:  - LocalHostAddr = Default
LogInit: WinSock: version 1.1 (2.2), MaxSocks=32767, MaxUdp=65467
LogInit: WinSock: I am MatthewChuHPSpectre (192.168.56.1:0)
LogInit: Build: ++UE4+Release-4.19-CL-4033788
LogInit: Engine Version: 4.19.2-4033788+++UE4+Release-4.19
LogInit: Compatible Engine Version: 4.19.0-3944462+++UE4+Release-4.19
LogInit: Net CL: 3944462
LogDevObjectVersion: Number of dev versions registered: 18
LogDevObjectVersion:   Dev-Blueprints (B0D832E4-1F89-4F0D-ACCF-7EB736FD4AA2): 10
LogDevObjectVersion:   Dev-Build (E1C64328-A22C-4D53-A36C-8E866417BD8C): 0
LogDevObjectVersion:   Dev-Core (375EC13C-06E4-48FB-B500-84F0262A717E): 2
LogDevObjectVersion:   Dev-Editor (E4B068ED-F494-42E9-A231-DA0B2E46BB41): 23
LogDevObjectVersion:   Dev-Framework (CFFC743F-43B0-4480-9391-14DF171D2073): 33
LogDevObjectVersion:   Dev-Mobile (B02B49B5-BB20-44E9-A304-32B752E40360): 2
LogDevObjectVersion:   Dev-Networking (A4E4105C-59A1-49B5-A7C5-40C4547EDFEE): 0
LogDevObjectVersion:   Dev-Online (39C831C9-5AE6-47DC-9A44-9C173E1C8E7C): 0
LogDevObjectVersion:   Dev-Physics (78F01B33-EBEA-4F98-B9B4-84EACCB95AA2): 0
LogDevObjectVersion:   Dev-Platform (6631380F-2D4D-43E0-8009-CF276956A95A): 0
LogDevObjectVersion:   Dev-Rendering (12F88B9F-8875-4AFC-A67C-D90C383ABD29): 25
LogDevObjectVersion:   Dev-Sequencer (7B5AE74C-D270-4C10-A958-57980B212A5A): 6
LogDevObjectVersion:   Dev-VR (D7296918-1DD6-4BDD-9DE2-64A83CC13884): 1
LogDevObjectVersion:   Dev-LoadTimes (C2A15278-BFE7-4AFE-6C17-90FF531DF755): 1
LogDevObjectVersion:   Private-Geometry (6EACA3D4-40EC-4CC1-B786-8BED09428FC5): 2
LogDevObjectVersion:   Dev-AnimPhys (29E575DD-E0A3-4627-9D10-D276232CDCEA): 16
LogDevObjectVersion:   Dev-ReflectionCapture (6B266CEC-1EC7-4B8F-A30B-E4D90942FC07): 1
LogDevObjectVersion:   Dev-Automation (0DF73D61-A23F-47EA-B727-89E90C41499A): 1
LogInit: Compiled (64-bit): Apr 27 2018 02:06:57
LogInit: Compiled with Visual C++: 19.00.24215.01
LogInit: Build Configuration: Development
LogInit: Branch Name: ++UE4+Release-4.19
LogInit: Command Line: 
LogInit: Base Directory: C:/Program Files/Epic Games/UE_4.19/Engine/Binaries/Win64/
LogInit: Installed Engine Build: 1
LogStreaming: Display: Took  0.025s to delete old logs.
LogInit: Presizing for max 8388607 objects, including 0 objects not considered by GC, pre-allocating 0 bytes for permanent pool.
LogInit: Object subsystem initialized
[2018.10.19-07.48.22:012][  0]LogInit: Selected Device Profile: [Windows]
[2018.10.19-07.48.22:012][  0]LogInit: Applying CVar settings loaded from the selected device profile: [Windows]
[2018.10.19-07.48.22:040][  0]LogInit: Computer: MATTHEWCHUHPSPE
[2018.10.19-07.48.22:040][  0]LogInit: User: MatthewChu
[2018.10.19-07.48.22:040][  0]LogInit: CPU Page size=4096, Cores=4
[2018.10.19-07.48.22:040][  0]LogInit: High frequency timer resolution =1.757813 MHz
[2018.10.19-07.48.22:040][  0]LogMemory: Memory total: Physical=7.8GB (8GB approx)
[2018.10.19-07.48.22:040][  0]LogMemory: Platform Memory Stats for Windows
[2018.10.19-07.48.22:040][  0]LogMemory: Process Physical Memory: 275.84 MB used, 275.84 MB peak
[2018.10.19-07.48.22:040][  0]LogMemory: Process Virtual Memory: 277.15 MB used, 277.15 MB peak
[2018.10.19-07.48.22:041][  0]LogMemory: Physical Memory: 5337.36 MB used,  2696.23 MB free, 8033.59 MB total
[2018.10.19-07.48.22:041][  0]LogMemory: Virtual Memory: 4793.34 MB used,  2696.23 MB free, 134217728.00 MB total
[2018.10.19-07.48.22:159][  0]LogInit: Using OS detected language (en-US).
[2018.10.19-07.48.22:159][  0]LogInit: Using OS detected locale (en-AU).
[2018.10.19-07.48.22:180][  0]LogTextLocalizationManager: No specific localization for 'en-US' exists, so the 'en' localization will be used.
[2018.10.19-07.48.22:897][  0]LogStreaming: Display: Took  0.738s to EndInitTextLocalization.
[2018.10.19-07.48.22:897][  0]LogInit: Setting process to per monitor DPI aware
[2018.10.19-07.48.22:998][  0]LogSlate: New Slate User Created.  User Index 0, Is Virtual User: 0
[2018.10.19-07.48.22:998][  0]LogSlate: Slate User Registered.  User Index 0, Is Virtual User: 0
[2018.10.19-07.48.23:815][  0]LogD3D11RHI: D3D11 adapters:
[2018.10.19-07.48.23:905][  0]LogD3D11RHI:    0. 'Intel(R) UHD Graphics 620' (Feature Level 11_0)
[2018.10.19-07.48.23:905][  0]LogD3D11RHI:       128/0/4016 MB DedicatedVideo/DedicatedSystem/SharedSystem, Outputs:1, VendorId:0x8086
[2018.10.19-07.48.23:913][  0]LogD3D11RHI:    1. 'Microsoft Basic Render Driver' (Feature Level 11_0)
[2018.10.19-07.48.23:913][  0]LogD3D11RHI:       0/0/4016 MB DedicatedVideo/DedicatedSystem/SharedSystem, Outputs:0, VendorId:0x1414
[2018.10.19-07.48.23:913][  0]LogD3D11RHI: Chosen D3D11 Adapter: 0
[2018.10.19-07.48.23:927][  0]LogD3D11RHI: Creating new Direct3DDevice
[2018.10.19-07.48.23:928][  0]LogD3D11RHI:     GPU DeviceId: 0x5917 (for the marketing name, search the web for "GPU Device Id")
[2018.10.19-07.48.23:928][  0]LogWindows: EnumDisplayDevices:
[2018.10.19-07.48.23:928][  0]LogWindows:    0. 'Intel(R) UHD Graphics 620' (P:1 D:1)
[2018.10.19-07.48.23:929][  0]LogWindows:    1. 'Intel(R) UHD Graphics 620' (P:0 D:0)
[2018.10.19-07.48.23:929][  0]LogWindows:    2. 'Intel(R) UHD Graphics 620' (P:0 D:0)
[2018.10.19-07.48.23:930][  0]LogWindows: DebugString: GetVideoDriverDetailsInvalid PrimaryIsNotTheChoosenAdapter GetVideoDriverDetailsInvalid PrimaryIsNotTheChoosenAdapter GetVideoDriverDetailsInvalid PrimaryIsNotTheChoosenAdapter FoundDriverCount:0 
[2018.10.19-07.48.23:930][  0]LogD3D11RHI:     Adapter Name: Intel(R) UHD Graphics 620
[2018.10.19-07.48.23:930][  0]LogD3D11RHI:   Driver Version: Unknown (internal:Unknown, unified:Unknown)
[2018.10.19-07.48.23:930][  0]LogD3D11RHI:      Driver Date: Unknown
[2018.10.19-07.48.23:930][  0]LogRHI: Texture pool is 1495 MB (70% of 2136 MB)
[2018.10.19-07.48.24:003][  0]LogD3D11RHI: Async texture creation enabled
[2018.10.19-07.48.24:033][  0]LogD3D11RHI: GPU Timing Frequency: 12.000048 (Debug: 2 0)
[2018.10.19-07.48.24:037][  0]LogShaderCompilers: Guid format shader working directory is -42 characters bigger than the processId version (../../../../../../Users/Matthew Chu/Documents/FIT2097/FIT2097 Assignment 2/FIT2097Assignment2/Intermediate/Shaders/WorkingDirectory/18652/).
[2018.10.19-07.48.24:039][  0]LogShaderCompilers: Cleaned the shader compiler working directory 'C:/Users/Matthew Chu/AppData/Local/Temp/UnrealShaderWorkingDir/7A3F67054F9876A9C617A68288CED549/'.
[2018.10.19-07.48.24:596][  0]LogTemp: Display: Loaded TP AllDesktopTargetPlatform
[2018.10.19-07.48.24:622][  0]LogTemp: Display: Loaded TP MacClientTargetPlatform
[2018.10.19-07.48.24:651][  0]LogTemp: Display: Loaded TP MacNoEditorTargetPlatform
[2018.10.19-07.48.24:681][  0]LogTemp: Display: Loaded TP MacServerTargetPlatform
[2018.10.19-07.48.24:711][  0]LogTemp: Display: Loaded TP MacTargetPlatform
[2018.10.19-07.48.24:739][  0]LogTemp: Display: Loaded TP WindowsClientTargetPlatform
[2018.10.19-07.48.24:769][  0]LogTemp: Display: Loaded TP WindowsNoEditorTargetPlatform
[2018.10.19-07.48.24:798][  0]LogTemp: Display: Loaded TP WindowsServerTargetPlatform
[2018.10.19-07.48.24:814][  0]LogTemp: Display: Loaded TP WindowsTargetPlatform
[2018.10.19-07.48.24:839][  0]LogTemp: Display: Loaded TP Android_ASTCTargetPlatform
[2018.10.19-07.48.24:862][  0]LogTemp: Display: Loaded TP Android_ATCTargetPlatform
[2018.10.19-07.48.24:885][  0]LogTemp: Display: Loaded TP Android_DXTTargetPlatform
[2018.10.19-07.48.24:908][  0]LogTemp: Display: Loaded TP Android_ETC1aTargetPlatform
[2018.10.19-07.48.24:935][  0]LogTemp: Display: Loaded TP Android_ETC1TargetPlatform
[2018.10.19-07.48.24:958][  0]LogTemp: Display: Loaded TP Android_ETC2TargetPlatform
[2018.10.19-07.48.25:015][  0]LogTemp: Display: Loaded TP Android_MultiTargetPlatform
[2018.10.19-07.48.25:016][  0]LogTemp: Display: Loaded TP Android_PVRTCTargetPlatform
[2018.10.19-07.48.25:042][  0]LogTemp: Display: Loaded TP AndroidTargetPlatform
[2018.10.19-07.48.25:046][  0]LogTemp: Display: Loaded TP HTML5TargetPlatform
[2018.10.19-07.48.25:105][  0]LogTemp: Display: Loaded TP IOSTargetPlatform
[2018.10.19-07.48.25:126][  0]LogTemp: Display: Loaded TP TVOSTargetPlatform
[2018.10.19-07.48.25:148][  0]LogTemp: Display: Loaded TP LinuxClientTargetPlatform
[2018.10.19-07.48.25:171][  0]LogTemp: Display: Loaded TP LinuxNoEditorTargetPlatform
[2018.10.19-07.48.25:195][  0]LogTemp: Display: Loaded TP LinuxServerTargetPlatform
[2018.10.19-07.48.25:219][  0]LogTemp: Display: Loaded TP LinuxTargetPlatform
[2018.10.19-07.48.25:219][  0]LogTargetPlatformManager: Display: Building Assets For Windows
[2018.10.19-07.48.25:610][  0]LogXGEController: Cannot use XGE Controller as Incredibuild is not installed on this machine.
[2018.10.19-07.48.25:610][  0]LogShaderCompilers: Cannot use XGE Shader Compiler as Incredibuild is not installed on this machine.
[2018.10.19-07.48.25:610][  0]LogShaderCompilers: Display: Using Local Shader Compiler.
[2018.10.19-07.48.27:218][  0]LogDerivedDataCache: Display: Max Cache Size: 512 MB
[2018.10.19-07.48.27:815][  0]LogDerivedDataCache: Loaded boot cache 0.60s 87MB C:/Users/Matthew Chu/AppData/Local/UnrealEngine/4.19/DerivedDataCache/Boot.ddc.
[2018.10.19-07.48.27:815][  0]LogDerivedDataCache: Display: Loaded Boot cache: C:/Users/Matthew Chu/AppData/Local/UnrealEngine/4.19/DerivedDataCache/Boot.ddc
[2018.10.19-07.48.27:816][  0]LogDerivedDataCache: FDerivedDataBackendGraph:  Pak pak cache file ../../../../../../Users/Matthew Chu/Documents/FIT2097/FIT2097 Assignment 2/FIT2097Assignment2/DerivedDataCache/DDC.ddp not found, will not use a pak cache.
[2018.10.19-07.48.27:816][  0]LogDerivedDataCache: Unable to find inner node Pak for hierarchical cache Hierarchy.
[2018.10.19-07.48.27:816][  0]LogDerivedDataCache: FDerivedDataBackendGraph:  CompressedPak pak cache file ../../../../../../Users/Matthew Chu/Documents/FIT2097/FIT2097 Assignment 2/FIT2097Assignment2/DerivedDataCache/Compressed.ddp not found, will not use a pak cache.
[2018.10.19-07.48.27:816][  0]LogDerivedDataCache: Unable to find inner node CompressedPak for hierarchical cache Hierarchy.
[2018.10.19-07.48.27:843][  0]LogDerivedDataCache: Display: Pak cache opened for reading ../../../Engine/DerivedDataCache/Compressed.ddp.
[2018.10.19-07.48.27:859][  0]LogDerivedDataCache: Using Local data cache path C:/Users/Matthew Chu/AppData/Local/UnrealEngine/Common/DerivedDataCache: Writable
[2018.10.19-07.48.27:859][  0]LogDerivedDataCache: Shared data cache path not found in *engine.ini, will not use an Shared cache.
[2018.10.19-07.48.27:859][  0]LogDerivedDataCache: Unable to find inner node Shared for hierarchical cache Hierarchy.
[2018.10.19-07.48.27:899][  0]LogMaterial: Verifying Global Shaders for PCD3D_SM5
[2018.10.19-07.48.27:901][  0]LogSlate: Using Freetype 2.6.0
[2018.10.19-07.48.27:906][  0]LogSlate: SlateFontCache - WITH_FREETYPE: 1, WITH_HARFBUZZ: 1
[2018.10.19-07.48.27:907][  0]LogSlate: SlateFontCache - WITH_FREETYPE: 1, WITH_HARFBUZZ: 1
[2018.10.19-07.48.28:513][  0]LogAssetRegistry: FAssetRegistry took 0.0299 seconds to start up
[2018.10.19-07.48.29:175][  0]LogInit: Selected Device Profile: [Windows]
[2018.10.19-07.48.29:563][  0]LogSimplygon: Simplygon DLL not present - disabling.
[2018.10.19-07.48.29:574][  0]LogMeshReduction: Using SimplygonSwarm for distributed automatic mesh merging
[2018.10.19-07.48.29:575][  0]LogMeshReduction: Using QuadricMeshReduction for automatic static mesh reduction
[2018.10.19-07.48.29:575][  0]LogMeshReduction: No automatic skeletal mesh reduction module available
[2018.10.19-07.48.29:575][  0]LogMeshReduction: No automatic mesh merging module available
[2018.10.19-07.48.29:575][  0]LogMeshMerging: No automatic mesh merging module available
[2018.10.19-07.48.29:666][  0]LogNetVersion: FIT2097Assignment2 , NetCL: 3944462, EngineNetVer: 2, GameNetVer: 0 (Checksum: 789636822)
[2018.10.19-07.48.30:795][  0]LogPackageLocalizationCache: Processed 9 localized package path(s) for 2 prioritized culture(s) in 0.273590 seconds
[2018.10.19-07.48.30:802][  0]LogUObjectArray: 36728 objects as part of root set at end of initial load.
[2018.10.19-07.48.30:802][  0]LogUObjectAllocator: 7314304 out of 0 bytes used by permanent object pool.
[2018.10.19-07.48.30:802][  0]LogUObjectArray: CloseDisregardForGC: 0/0 objects in disregard for GC pool
[2018.10.19-07.48.35:251][  0]LogTcpMessaging: Initializing TcpMessaging bridge
[2018.10.19-07.48.35:317][  0]LogUdpMessaging: Initializing bridge on interface 0.0.0.0:0 to multicast group 230.0.0.1:6666.
[2018.10.19-07.48.35:921][  0]LogUObjectGlobals: Created PersistentFrame Addr=0x00000255032ebdd0, Size=72, Default__FirstPerson_AnimBP_C Function /Game/FirstPerson/Animations/FirstPerson_AnimBP.FirstPerson_AnimBP_C:ExecuteUbergraph_FirstPerson_AnimBP
[2018.10.19-07.48.35:934][  0]LogUObjectGlobals: Destroyed PersistentFrame Addr=0x00000255032ebdd0, Size=72
[2018.10.19-07.48.35:934][  0]LogUObjectGlobals: Created PersistentFrame Addr=0x000002550443ad40, Size=72, Default__FirstPerson_AnimBP_C Function /Engine/Transient.REINST_FirstPerson_AnimBP_C_0:ExecuteUbergraph_FirstPerson_AnimBP
[2018.10.19-07.48.35:949][  0]LogUObjectGlobals: Created PersistentFrame Addr=0x00000255043c3fb0, Size=72, Default__FirstPerson_AnimBP_C Function /Game/FirstPerson/Animations/FirstPerson_AnimBP.FirstPerson_AnimBP_C:ExecuteUbergraph_FirstPerson_AnimBP
[2018.10.19-07.48.35:996][  0]LogUObjectGlobals: Created PersistentFrame Addr=0x00000255037484c0, Size=64, Default__ThirdPerson_AnimBP_C Function /Game/Mannequin/Animations/ThirdPerson_AnimBP.ThirdPerson_AnimBP_C:ExecuteUbergraph_ThirdPerson_AnimBP
[2018.10.19-07.48.36:008][  0]LogUObjectGlobals: Destroyed PersistentFrame Addr=0x00000255037484c0, Size=64
[2018.10.19-07.48.36:008][  0]LogUObjectGlobals: Created PersistentFrame Addr=0x0000025504387080, Size=64, Default__ThirdPerson_AnimBP_C Function /Engine/Transient.REINST_ThirdPerson_AnimBP_C_1:ExecuteUbergraph_ThirdPerson_AnimBP
[2018.10.19-07.48.36:019][  0]LogUObjectGlobals: Created PersistentFrame Addr=0x0000025504ffa2f0, Size=72, Default__ThirdPerson_AnimBP_C Function /Game/Mannequin/Animations/ThirdPerson_AnimBP.ThirdPerson_AnimBP_C:ExecuteUbergraph_ThirdPerson_AnimBP
[2018.10.19-07.48.36:027][  0]LogUObjectGlobals: Created PersistentFrame Addr=0x0000025504fd7b40, Size=32, Default__PauseMenuHUD_C Function /Game/Assignment2/UIs/PauseMenuHUD.PauseMenuHUD_C:ExecuteUbergraph_PauseMenuHUD
[2018.10.19-07.48.36:306][  0]LogUObjectGlobals: Destroyed PersistentFrame Addr=0x0000025504fd7b40, Size=32
[2018.10.19-07.48.36:306][  0]LogUObjectGlobals: Created PersistentFrame Addr=0x0000025504fd7b40, Size=32, Default__PauseMenuHUD_C Function /Engine/Transient.REINST_PauseMenuHUD_C_0:ExecuteUbergraph_PauseMenuHUD
[2018.10.19-07.48.36:308][  0]LogBlueprint: Error: [Compiler PauseMenuHUD] This blueprint (self) is not a FIT2097Assignment2Character, therefore ' Target ' must have a connection.
[2018.10.19-07.48.36:309][  0]LogUObjectGlobals: Created PersistentFrame Addr=0x0000025504fd6be0, Size=32, Default__PauseMenuHUD_C Function /Game/Assignment2/UIs/PauseMenuHUD.PauseMenuHUD_C:ExecuteUbergraph_PauseMenuHUD
[2018.10.19-07.48.36:315][  0]LogBlueprint: Warning: [Compiler PauseMenuHUD] [0026.60] Compile of PauseMenuHUD failed. 1 Fatal Issue(s) 0 Warning(s) [in 10 ms] (/Game/Assignment2/UIs/PauseMenuHUD.PauseMenuHUD)
[2018.10.19-07.48.36:469][  0]LogSkeletalMesh: Skeletal Mesh found in DDC [7.277793ms] /Game/FirstPerson/FPWeapon/Mesh/SK_FPGun.SK_FPGun
[2018.10.19-07.48.36:493][  0]LogSkeletalMesh: Skeletal Mesh found in DDC [10.451624ms] /Game/FirstPerson/Character/Mesh/SK_Mannequin_Arms.SK_Mannequin_Arms
[2018.10.19-07.48.36:537][  0]LogSkeletalMesh: Skeletal Mesh found in DDC [22.705486ms] /Game/Mannequin/Character/Mesh/SK_Mannequin.SK_Mannequin
[2018.10.19-07.48.37:006][  0]SourceControl: Source control is disabled
[2018.10.19-07.48.39:459][  0]LogAndroidPermission: UAndroidPermissionCallbackProxy::GetInstance
[2018.10.19-07.48.39:896][  0]LogOcInput: OculusInput pre-init called
[2018.10.19-07.48.40:179][  0]LogEngine: Initializing Engine...
[2018.10.19-07.48.40:187][  0]LogHMD: Failed to initialize OpenVR with code 110
[2018.10.19-07.48.40:191][  0]LogStats: UGameplayTagsManager::ConstructGameplayTagTree: Construct from data asset -  0.000 s
[2018.10.19-07.48.40:192][  0]LogStats: UGameplayTagsManager::ConstructGameplayTagTree: GameplayTagTreeChangedEvent.Broadcast -  0.000 s
[2018.10.19-07.48.40:580][  0]LogAIModule: Creating AISystem for world Untitled
[2018.10.19-07.48.40:756][  0]LogInit: XAudio2 using 'Speaker/Headphone (Realtek High Definition Audio(SST))' : 2 channels at 48 kHz using 32 bits per sample (channel mask 0x3)
[2018.10.19-07.48.40:802][  0]LogInit: FAudioDevice initialized.
[2018.10.19-07.48.40:896][  0]LogDerivedDataCache: Saved boot cache 0.09s 92MB C:/Users/Matthew Chu/AppData/Local/UnrealEngine/4.19/DerivedDataCache/Boot.ddc.
[2018.10.19-07.48.40:917][  0]LogInit: Texture streaming: Enabled
[2018.10.19-07.48.40:970][  0]LogEngineSessionManager: EngineSessionManager initialized
[2018.10.19-07.48.41:010][  0]LogInit: Transaction tracking system initialized
[2018.10.19-07.48.41:098][  0]BlueprintLog: New page: Editor Load
[2018.10.19-07.48.41:444][  0]LocalizationService: Localization service is disabled
[2018.10.19-07.48.41:704][  0]LogConsoleResponse: Display: 
[2018.10.19-07.48.41:992][  0]LogCook: Display: Max memory allowance for cook 16384mb min free memory 0mb
[2018.10.19-07.48.41:993][  0]LogCook: Display: Mobile HDR setting 1
[2018.10.19-07.48.41:993][  0]LogGameplayTags: Display: UGameplayTagsManager::DoneAddingNativeTags. DelegateIsBound: 0
[2018.10.19-07.48.41:993][  0]LogStats: UGameplayTagsManager::ConstructGameplayTagTree: Construct from data asset -  0.000 s
[2018.10.19-07.48.41:993][  0]LogStats: UGameplayTagsManager::ConstructGameplayTagTree: GameplayTagTreeChangedEvent.Broadcast -  0.000 s
[2018.10.19-07.48.42:323][  0]LogFileCache: Scanning file cache for directory 'C:/Users/Matthew Chu/Documents/FIT2097/FIT2097 Assignment 2/FIT2097Assignment2/Content/' took 0.03s
[2018.10.19-07.48.43:281][  0]LightingResults: New page: Lighting Build
[2018.10.19-07.48.43:290][  0]MapCheck: New page: Map Check
[2018.10.19-07.48.43:290][  0]LightingResults: New page: Lighting Build
[2018.10.19-07.48.43:306][  0]LogUObjectGlobals: Destroyed PersistentFrame Addr=0x000002550443ad40, Size=72
[2018.10.19-07.48.43:306][  0]LogUObjectGlobals: Destroyed PersistentFrame Addr=0x0000025504387080, Size=64
[2018.10.19-07.48.43:306][  0]LogUObjectGlobals: Destroyed PersistentFrame Addr=0x0000025504fd7b40, Size=32
[2018.10.19-07.48.43:596][  0]LogAIModule: Creating AISystem for world FirstPersonExampleMap
[2018.10.19-07.48.43:620][  0]LogEditorServer: Finished looking for orphan Actors (0.000 secs)
[2018.10.19-07.48.43:641][  0]Cmd: MAP CHECKDEP NOCLEARLOG
[2018.10.19-07.48.43:853][  0]MapCheck: Map check complete: 0 Error(s), 0 Warning(s), took 210.328ms to complete.
[2018.10.19-07.48.43:853][  0]LogFileHelpers: Loading map 'FirstPersonExampleMap' took 0.573
[2018.10.19-07.48.44:114][  0]LogCollectionManager: Loaded 0 collections in 0.005629 seconds
[2018.10.19-07.48.44:193][  0]LogFileCache: Scanning file cache for directory 'C:/Users/Matthew Chu/Documents/FIT2097/FIT2097 Assignment 2/FIT2097Assignment2/Saved/Collections/' took 0.01s
[2018.10.19-07.48.44:193][  0]LogFileCache: Scanning file cache for directory 'C:/Users/Matthew Chu/Documents/FIT2097/FIT2097 Assignment 2/FIT2097Assignment2/Content/Developers/MatthewChu/Collections/' took 0.01s
[2018.10.19-07.48.44:193][  0]LogFileCache: Scanning file cache for directory 'C:/Users/Matthew Chu/Documents/FIT2097/FIT2097 Assignment 2/FIT2097Assignment2/Content/Collections/' took 0.01s
[2018.10.19-07.48.44:193][  0]LogCollectionManager: Rebuilt the GUID cache for 0 collections in 0.000001 seconds
[2018.10.19-07.48.44:212][  0]LogContentBrowser: Native class hierarchy populated in 0.0171 seconds. Added 2458 classes and 560 folders.
[2018.10.19-07.48.44:235][  0]LogContentBrowser: Native class hierarchy updated for 'WidgetCarousel' in 0.0022 seconds. Added 0 classes and 0 folders.
[2018.10.19-07.48.44:509][  0]LogContentBrowser: Native class hierarchy updated for 'AddContentDialog' in 0.0020 seconds. Added 0 classes and 0 folders.
[2018.10.19-07.48.44:528][  0]LogContentBrowser: Native class hierarchy updated for 'SceneOutliner' in 0.0021 seconds. Added 1 classes and 2 folders.
[2018.10.19-07.48.44:632][  0]LogContentBrowser: Native class hierarchy updated for 'HierarchicalLODOutliner' in 0.0032 seconds. Added 0 classes and 0 folders.
[2018.10.19-07.48.44:633][  0]LogLoad: (Engine Initialization) Total time: 34.92 seconds
[2018.10.19-07.48.44:633][  0]LogLoad: (Engine Initialization) Total Blueprint compile time: 0.00 seconds
[2018.10.19-07.48.44:651][  0]LogWindowsTextInputMethodSystem: Display: IME system now deactivated.
[2018.10.19-07.48.44:679][  0]LogContentStreaming: Texture pool size now 1000 MB
[2018.10.19-07.48.44:685][  0]LogSlate: Took 0.001859 seconds to synchronously load lazily loaded font '../../../Engine/Content/Slate/Fonts/Roboto-Regular.ttf' (155K)
[2018.10.19-07.48.44:692][  0]LogSlate: Took 0.002368 seconds to synchronously load lazily loaded font '../../../Engine/Content/Slate/Fonts/Roboto-Bold.ttf' (160K)
[2018.10.19-07.48.44:705][  0]LogSlate: Took 0.002111 seconds to synchronously load lazily loaded font '../../../Engine/Content/Editor/Slate/Fonts/FontAwesome.ttf' (139K)
[2018.10.19-07.48.44:972][  2]LogRenderer: Reallocating scene render targets to support 684x360 Format 10 NumSamples 1 (Frame:1).
[2018.10.19-07.48.45:822][  2]LogAssetRegistry: Asset discovery search completed in 17.3314 seconds
[2018.10.19-07.48.45:827][  2]LogCollectionManager: Rebuilt the object cache for 0 collections in 0.000001 seconds (found 0 objects)
[2018.10.19-07.48.45:827][  2]LogCollectionManager: Fixed up redirectors for 0 collections in 0.000121 seconds (updated 0 objects)
[2018.10.19-07.48.46:558][  3]LogSlate: Took 0.002141 seconds to synchronously load lazily loaded font '../../../Engine/Content/Slate/Fonts/Roboto-Light.ttf' (167K)
[2018.10.19-07.48.48:565][ 77]LogSlate: FSceneViewport::OnFocusLost() reason 0
[2018.10.19-07.48.48:720][ 81]LogLinker: Error: HOTRELOADED_FIT2097Assignment2Character_3 has an inappropriate outermost, it was probably saved with a deprecated outer (file: ../../../../../../Users/Matthew Chu/Documents/FIT2097/FIT2097 Assignment 2/FIT2097Assignment2/Content/Assignment2/UIs/HealthBarHUD.uasset)
[2018.10.19-07.48.48:721][ 81]LogLinker: Error: HOTRELOADED_FIT2097Assignment2Character_3 has an inappropriate outermost, it was probably saved with a deprecated outer (file: ../../../../../../Users/Matthew Chu/Documents/FIT2097/FIT2097 Assignment 2/FIT2097Assignment2/Content/Assignment2/UIs/HealthBarHUD.uasset)
[2018.10.19-07.48.48:721][ 81]LogLinker: Error: HOTRELOADED_FIT2097Assignment2Character_3 has an inappropriate outermost, it was probably saved with a deprecated outer (file: ../../../../../../Users/Matthew Chu/Documents/FIT2097/FIT2097 Assignment 2/FIT2097Assignment2/Content/Assignment2/UIs/HealthBarHUD.uasset)
[2018.10.19-07.48.48:722][ 81]LogLinker: Error: HOTRELOADED_FIT2097Assignment2Character_3 has an inappropriate outermost, it was probably saved with a deprecated outer (file: ../../../../../../Users/Matthew Chu/Documents/FIT2097/FIT2097 Assignment 2/FIT2097Assignment2/Content/Assignment2/UIs/HealthBarHUD.uasset)
[2018.10.19-07.48.48:722][ 81]LogLinker: Error: HOTRELOADED_FIT2097Assignment2Character_3 has an inappropriate outermost, it was probably saved with a deprecated outer (file: ../../../../../../Users/Matthew Chu/Documents/FIT2097/FIT2097 Assignment 2/FIT2097Assignment2/Content/Assignment2/UIs/HealthBarHUD.uasset)
[2018.10.19-07.48.48:723][ 81]LogLinker: Error: HOTRELOADED_FIT2097Assignment2Character_3 has an inappropriate outermost, it was probably saved with a deprecated outer (file: ../../../../../../Users/Matthew Chu/Documents/FIT2097/FIT2097 Assignment 2/FIT2097Assignment2/Content/Assignment2/UIs/HealthBarHUD.uasset)
[2018.10.19-07.48.49:589][ 81]LogContentBrowser: Native class hierarchy updated for 'BlueprintGraph' in 0.0032 seconds. Added 116 classes and 0 folders.
[2018.10.19-07.48.50:144][ 81]LogUObjectGlobals: Created PersistentFrame Addr=0x0000025540822668, Size=4, Default__SKEL_PROTO_BP_AnimBlueprint_0_C Function /Engine/Transient.SKEL_PROTO_BP_AnimBlueprint_0_C:ExecuteUbergraph_PROTO_BP_AnimBlueprint_0
[2018.10.19-07.48.50:146][ 81]LogUObjectGlobals: Created PersistentFrame Addr=0x0000025540822660, Size=4, Default__PROTO_BP_AnimBlueprint_0_C Function /Engine/Transient.PROTO_BP_AnimBlueprint_0_C:ExecuteUbergraph_PROTO_BP_AnimBlueprint_0
[2018.10.19-07.48.50:782][ 81]LogUObjectGlobals: Created PersistentFrame Addr=0x0000025542c4e870, Size=4, Default__MainMenuWidget_C Function /Game/Assignment2/UIs/MainMenuWidget.MainMenuWidget_C:ExecuteUbergraph_MainMenuWidget
[2018.10.19-07.48.50:785][ 81]LogUObjectGlobals: Destroyed PersistentFrame Addr=0x0000025542c4e870, Size=4
[2018.10.19-07.48.50:785][ 81]LogUObjectGlobals: Created PersistentFrame Addr=0x0000025542c4e870, Size=4, Default__MainMenuWidget_C Function /Engine/Transient.REINST_MainMenuWidget_C_2:ExecuteUbergraph_MainMenuWidget
[2018.10.19-07.48.50:787][ 81]LogUObjectGlobals: Created PersistentFrame Addr=0x0000025542c4e780, Size=4, Default__MainMenuWidget_C Function /Game/Assignment2/UIs/MainMenuWidget.MainMenuWidget_C:ExecuteUbergraph_MainMenuWidget
[2018.10.19-07.48.51:601][ 81]LogUObjectGlobals: Created PersistentFrame Addr=0x000002558963ea58, Size=4, Default__EndScreenHUD_C Function /Game/Assignment2/UIs/EndScreenHUD.EndScreenHUD_C:ExecuteUbergraph_EndScreenHUD
[2018.10.19-07.48.51:605][ 81]LogUObjectGlobals: Destroyed PersistentFrame Addr=0x000002558963ea58, Size=4
[2018.10.19-07.48.51:606][ 81]LogUObjectGlobals: Created PersistentFrame Addr=0x000002558963ea58, Size=4, Default__EndScreenHUD_C Function /Engine/Transient.REINST_EndScreenHUD_C_3:ExecuteUbergraph_EndScreenHUD
[2018.10.19-07.48.51:608][ 81]LogUObjectGlobals: Created PersistentFrame Addr=0x000002558963e938, Size=4, Default__EndScreenHUD_C Function /Game/Assignment2/UIs/EndScreenHUD.EndScreenHUD_C:ExecuteUbergraph_EndScreenHUD
[2018.10.19-07.48.52:446][ 81]LogSlate: Took 0.002309 seconds to synchronously load lazily loaded font '../../../Engine/Content/Slate/Fonts/Roboto-BoldCondensed.ttf' (158K)
[2018.10.19-07.48.52:466][ 81]LogSlate: Took 0.000568 seconds to synchronously load lazily loaded font '../../../Engine/Content/Slate/Fonts/Roboto-Light.ttf' (167K)
[2018.10.19-07.49.04:167][408]LogSlate: Window 'PauseMenuHUD' being destroyed
[2018.10.19-07.49.06:006][501]LogConsoleManager: Warning: Performance warning: Console object named 'r.DebugSafeZone.Mode' shows many (500) FindConsoleObject() calls (consider caching e.g. using static)
[2018.10.19-07.49.07:298][571]LogSlate: FSceneViewport::OnFocusLost() reason 0
[2018.10.19-07.49.09:564][682]LogSlate: Window 'FirstPersonCharacter' being destroyed
[2018.10.19-07.49.31:347][903]BlueprintLog: New page: Compile PauseMenuHUD
[2018.10.19-07.49.31:356][903]LogUObjectGlobals: Destroyed PersistentFrame Addr=0x0000025504fd6be0, Size=32
[2018.10.19-07.49.31:356][903]LogUObjectGlobals: Created PersistentFrame Addr=0x00000255992b4800, Size=32, Default__PauseMenuHUD_C Function /Engine/Transient.REINST_PauseMenuHUD_C_5:ExecuteUbergraph_PauseMenuHUD
[2018.10.19-07.49.31:358][903]LogBlueprint: Error: [Compiler PauseMenuHUD] This blueprint (self) is not a FIT2097Assignment2Character, therefore ' Target ' must have a connection.
[2018.10.19-07.49.31:360][903]LogUObjectGlobals: Created PersistentFrame Addr=0x000002552e41ff40, Size=32, Default__PauseMenuHUD_C Function /Game/Assignment2/UIs/PauseMenuHUD.PauseMenuHUD_C:ExecuteUbergraph_PauseMenuHUD
[2018.10.19-07.49.31:396][903]LogUObjectGlobals: Destroyed PersistentFrame Addr=0x0000025542c4e870, Size=4
[2018.10.19-07.49.31:396][903]LogUObjectGlobals: Destroyed PersistentFrame Addr=0x000002558963ea58, Size=4
[2018.10.19-07.49.31:404][903]LogBlueprint: Warning: [Compiler PauseMenuHUD] [0081.69] Compile of PauseMenuHUD failed. 1 Fatal Issue(s) 0 Warning(s) [in 56 ms] (/Game/Assignment2/UIs/PauseMenuHUD.PauseMenuHUD)
[2018.10.19-07.49.33:651][ 31]LogSlate: Took 0.002417 seconds to synchronously load lazily loaded font '../../../Engine/Content/Slate/Fonts/Roboto-Italic.ttf' (157K)
[2018.10.19-07.49.39:387][368]BlueprintLog: New page: Compile PauseMenuHUD
[2018.10.19-07.49.39:402][368]LogUObjectGlobals: Destroyed PersistentFrame Addr=0x000002552e41ff40, Size=32
[2018.10.19-07.49.39:402][368]LogUObjectGlobals: Created PersistentFrame Addr=0x000002552e41ff40, Size=32, PauseMenuHUD_C_5 Function /Engine/Transient.REINST_PauseMenuHUD_C_7:ExecuteUbergraph_PauseMenuHUD
[2018.10.19-07.49.39:404][368]LogUObjectGlobals: Created PersistentFrame Addr=0x000002552e41e380, Size=32, Default__PauseMenuHUD_C Function /Game/Assignment2/UIs/PauseMenuHUD.PauseMenuHUD_C:ExecuteUbergraph_PauseMenuHUD
[2018.10.19-07.49.39:446][368]LogUObjectGlobals: Destroyed PersistentFrame Addr=0x00000255992b4800, Size=32
[2018.10.19-07.50.28:946][153]PIE: UWidget::RemoveFromParent() called on '/Engine/Transient.healthBar' which has no UMG parent (if it was added directly to a native Slate widget via TakeWidget() then it must be removed explicitly rather than via RemoveFromParent())
[2018.10.19-07.50.28:953][153]PIE: UWidget::RemoveFromParent() called on '/Engine/Transient.ProgressBar_1' which has no UMG parent (if it was added directly to a native Slate widget via TakeWidget() then it must be removed explicitly rather than via RemoveFromParent())
[2018.10.19-07.50.28:957][153]PIE: UWidget::RemoveFromParent() called on '/Engine/Transient.ProgressBar_3' which has no UMG parent (if it was added directly to a native Slate widget via TakeWidget() then it must be removed explicitly rather than via RemoveFromParent())
[2018.10.19-07.50.28:972][154]PIE: UWidget::RemoveFromParent() called on '/Engine/Transient.ProgressBar_5' which has no UMG parent (if it was added directly to a native Slate widget via TakeWidget() then it must be removed explicitly rather than via RemoveFromParent())
[2018.10.19-07.50.28:977][154]PIE: UWidget::RemoveFromParent() called on '/Engine/Transient.ProgressBar_7' which has no UMG parent (if it was added directly to a native Slate widget via TakeWidget() then it must be removed explicitly rather than via RemoveFromParent())
[2018.10.19-07.50.28:991][155]PIE: UWidget::RemoveFromParent() called on '/Engine/Transient.ProgressBar_9' which has no UMG parent (if it was added directly to a native Slate widget via TakeWidget() then it must be removed explicitly rather than via RemoveFromParent())
[2018.10.19-07.50.29:007][156]PIE: UWidget::RemoveFromParent() called on '/Engine/Transient.ProgressBar_11' which has no UMG parent (if it was added directly to a native Slate widget via TakeWidget() then it must be removed explicitly rather than via RemoveFromParent())
[2018.10.19-07.50.29:024][157]PIE: UWidget::RemoveFromParent() called on '/Engine/Transient.ProgressBar_13' which has no UMG parent (if it was added directly to a native Slate widget via TakeWidget() then it must be removed explicitly rather than via RemoveFromParent())
[2018.10.19-07.50.29:041][158]PIE: UWidget::RemoveFromParent() called on '/Engine/Transient.ProgressBar_15' which has no UMG parent (if it was added directly to a native Slate widget via TakeWidget() then it must be removed explicitly rather than via RemoveFromParent())
[2018.10.19-07.50.29:057][159]PIE: UWidget::RemoveFromParent() called on '/Engine/Transient.ProgressBar_17' which has no UMG parent (if it was added directly to a native Slate widget via TakeWidget() then it must be removed explicitly rather than via RemoveFromParent())
[2018.10.19-07.50.29:074][160]PIE: UWidget::RemoveFromParent() called on '/Engine/Transient.ProgressBar_19' which has no UMG parent (if it was added directly to a native Slate widget via TakeWidget() then it must be removed explicitly rather than via RemoveFromParent())
[2018.10.19-07.50.29:090][161]PIE: UWidget::RemoveFromParent() called on '/Engine/Transient.ProgressBar_21' which has no UMG parent (if it was added directly to a native Slate widget via TakeWidget() then it must be removed explicitly rather than via RemoveFromParent())
[2018.10.19-07.50.29:107][162]PIE: UWidget::RemoveFromParent() called on '/Engine/Transient.ProgressBar_23' which has no UMG parent (if it was added directly to a native Slate widget via TakeWidget() then it must be removed explicitly rather than via RemoveFromParent())
[2018.10.19-07.50.29:124][163]PIE: UWidget::RemoveFromParent() called on '/Engine/Transient.ProgressBar_25' which has no UMG parent (if it was added directly to a native Slate widget via TakeWidget() then it must be removed explicitly rather than via RemoveFromParent())
[2018.10.19-07.50.29:141][164]PIE: UWidget::RemoveFromParent() called on '/Engine/Transient.ProgressBar_27' which has no UMG parent (if it was added directly to a native Slate widget via TakeWidget() then it must be removed explicitly rather than via RemoveFromParent())
[2018.10.19-07.50.29:157][165]PIE: UWidget::RemoveFromParent() called on '/Engine/Transient.ProgressBar_29' which has no UMG parent (if it was added directly to a native Slate widget via TakeWidget() then it must be removed explicitly rather than via RemoveFromParent())
[2018.10.19-07.50.29:174][166]PIE: UWidget::RemoveFromParent() called on '/Engine/Transient.ProgressBar_31' which has no UMG parent (if it was added directly to a native Slate widget via TakeWidget() then it must be removed explicitly rather than via RemoveFromParent())
[2018.10.19-07.50.29:190][167]PIE: UWidget::RemoveFromParent() called on '/Engine/Transient.ProgressBar_33' which has no UMG parent (if it was added directly to a native Slate widget via TakeWidget() then it must be removed explicitly rather than via RemoveFromParent())
[2018.10.19-07.50.29:207][168]PIE: UWidget::RemoveFromParent() called on '/Engine/Transient.ProgressBar_35' which has no UMG parent (if it was added directly to a native Slate widget via TakeWidget() then it must be removed explicitly rather than via RemoveFromParent())
[2018.10.19-07.50.29:224][169]PIE: UWidget::RemoveFromParent() called on '/Engine/Transient.ProgressBar_37' which has no UMG parent (if it was added directly to a native Slate widget via TakeWidget() then it must be removed explicitly rather than via RemoveFromParent())
[2018.10.19-07.50.29:240][170]PIE: UWidget::RemoveFromParent() called on '/Engine/Transient.ProgressBar_39' which has no UMG parent (if it was added directly to a native Slate widget via TakeWidget() then it must be removed explicitly rather than via RemoveFromParent())
[2018.10.19-07.50.29:257][171]PIE: UWidget::RemoveFromParent() called on '/Engine/Transient.ProgressBar_41' which has no UMG parent (if it was added directly to a native Slate widget via TakeWidget() then it must be removed explicitly rather than via RemoveFromParent())
[2018.10.19-07.50.29:274][172]PIE: UWidget::RemoveFromParent() called on '/Engine/Transient.ProgressBar_43' which has no UMG parent (if it was added directly to a native Slate widget via TakeWidget() then it must be removed explicitly rather than via RemoveFromParent())
[2018.10.19-07.50.29:290][173]PIE: UWidget::RemoveFromParent() called on '/Engine/Transient.ProgressBar_45' which has no UMG parent (if it was added directly to a native Slate widget via TakeWidget() then it must be removed explicitly rather than via RemoveFromParent())
[2018.10.19-07.50.29:307][174]PIE: UWidget::RemoveFromParent() called on '/Engine/Transient.ProgressBar_47' which has no UMG parent (if it was added directly to a native Slate widget via TakeWidget() then it must be removed explicitly rather than via RemoveFromParent())
[2018.10.19-07.50.29:324][175]PIE: UWidget::RemoveFromParent() called on '/Engine/Transient.ProgressBar_49' which has no UMG parent (if it was added directly to a native Slate widget via TakeWidget() then it must be removed explicitly rather than via RemoveFromParent())
[2018.10.19-07.50.29:341][176]PIE: UWidget::RemoveFromParent() called on '/Engine/Transient.ProgressBar_51' which has no UMG parent (if it was added directly to a native Slate widget via TakeWidget() then it must be removed explicitly rather than via RemoveFromParent())
[2018.10.19-07.50.29:358][177]PIE: UWidget::RemoveFromParent() called on '/Engine/Transient.ProgressBar_53' which has no UMG parent (if it was added directly to a native Slate widget via TakeWidget() then it must be removed explicitly rather than via RemoveFromParent())
[2018.10.19-07.50.29:374][178]PIE: UWidget::RemoveFromParent() called on '/Engine/Transient.ProgressBar_55' which has no UMG parent (if it was added directly to a native Slate widget via TakeWidget() then it must be removed explicitly rather than via RemoveFromParent())
[2018.10.19-07.50.29:390][179]PIE: UWidget::RemoveFromParent() called on '/Engine/Transient.ProgressBar_57' which has no UMG parent (if it was added directly to a native Slate widget via TakeWidget() then it must be removed explicitly rather than via RemoveFromParent())
[2018.10.19-07.50.29:407][180]PIE: UWidget::RemoveFromParent() called on '/Engine/Transient.ProgressBar_59' which has no UMG parent (if it was added directly to a native Slate widget via TakeWidget() then it must be removed explicitly rather than via RemoveFromParent())
[2018.10.19-07.50.29:424][181]PIE: UWidget::RemoveFromParent() called on '/Engine/Transient.ProgressBar_61' which has no UMG parent (if it was added directly to a native Slate widget via TakeWidget() then it must be removed explicitly rather than via RemoveFromParent())
[2018.10.19-07.50.29:440][182]PIE: UWidget::RemoveFromParent() called on '/Engine/Transient.ProgressBar_63' which has no UMG parent (if it was added directly to a native Slate widget via TakeWidget() then it must be removed explicitly rather than via RemoveFromParent())
[2018.10.19-07.50.29:457][183]PIE: UWidget::RemoveFromParent() called on '/Engine/Transient.ProgressBar_65' which has no UMG parent (if it was added directly to a native Slate widget via TakeWidget() then it must be removed explicitly rather than via RemoveFromParent())
[2018.10.19-07.50.29:473][184]PIE: UWidget::RemoveFromParent() called on '/Engine/Transient.ProgressBar_67' which has no UMG parent (if it was added directly to a native Slate widget via TakeWidget() then it must be removed explicitly rather than via RemoveFromParent())
[2018.10.19-07.50.29:490][185]PIE: UWidget::RemoveFromParent() called on '/Engine/Transient.ProgressBar_69' which has no UMG parent (if it was added directly to a native Slate widget via TakeWidget() then it must be removed explicitly rather than via RemoveFromParent())
[2018.10.19-07.50.29:507][186]PIE: UWidget::RemoveFromParent() called on '/Engine/Transient.ProgressBar_71' which has no UMG parent (if it was added directly to a native Slate widget via TakeWidget() then it must be removed explicitly rather than via RemoveFromParent())
[2018.10.19-07.50.29:523][187]PIE: UWidget::RemoveFromParent() called on '/Engine/Transient.ProgressBar_73' which has no UMG parent (if it was added directly to a native Slate widget via TakeWidget() then it must be removed explicitly rather than via RemoveFromParent())
[2018.10.19-07.50.29:540][188]PIE: UWidget::RemoveFromParent() called on '/Engine/Transient.ProgressBar_75' which has no UMG parent (if it was added directly to a native Slate widget via TakeWidget() then it must be removed explicitly rather than via RemoveFromParent())
[2018.10.19-07.50.29:557][189]PIE: UWidget::RemoveFromParent() called on '/Engine/Transient.ProgressBar_77' which has no UMG parent (if it was added directly to a native Slate widget via TakeWidget() then it must be removed explicitly rather than via RemoveFromParent())
[2018.10.19-07.50.29:574][190]PIE: UWidget::RemoveFromParent() called on '/Engine/Transient.ProgressBar_79' which has no UMG parent (if it was added directly to a native Slate widget via TakeWidget() then it must be removed explicitly rather than via RemoveFromParent())
[2018.10.19-07.50.29:590][191]PIE: UWidget::RemoveFromParent() called on '/Engine/Transient.ProgressBar_81' which has no UMG parent (if it was added directly to a native Slate widget via TakeWidget() then it must be removed explicitly rather than via RemoveFromParent())
[2018.10.19-07.50.29:608][192]PIE: UWidget::RemoveFromParent() called on '/Engine/Transient.ProgressBar_83' which has no UMG parent (if it was added directly to a native Slate widget via TakeWidget() then it must be removed explicitly rather than via RemoveFromParent())
[2018.10.19-07.50.29:624][193]PIE: UWidget::RemoveFromParent() called on '/Engine/Transient.ProgressBar_85' which has no UMG parent (if it was added directly to a native Slate widget via TakeWidget() then it must be removed explicitly rather than via RemoveFromParent())
[2018.10.19-07.50.29:641][194]PIE: UWidget::RemoveFromParent() called on '/Engine/Transient.ProgressBar_87' which has no UMG parent (if it was added directly to a native Slate widget via TakeWidget() then it must be removed explicitly rather than via RemoveFromParent())
[2018.10.19-07.50.29:657][195]PIE: UWidget::RemoveFromParent() called on '/Engine/Transient.ProgressBar_89' which has no UMG parent (if it was added directly to a native Slate widget via TakeWidget() then it must be removed explicitly rather than via RemoveFromParent())
[2018.10.19-07.50.29:674][196]PIE: UWidget::RemoveFromParent() called on '/Engine/Transient.ProgressBar_91' which has no UMG parent (if it was added directly to a native Slate widget via TakeWidget() then it must be removed explicitly rather than via RemoveFromParent())
[2018.10.19-07.50.29:691][197]PIE: UWidget::RemoveFromParent() called on '/Engine/Transient.ProgressBar_93' which has no UMG parent (if it was added directly to a native Slate widget via TakeWidget() then it must be removed explicitly rather than via RemoveFromParent())
[2018.10.19-07.50.29:708][198]PIE: UWidget::RemoveFromParent() called on '/Engine/Transient.ProgressBar_95' which has no UMG parent (if it was added directly to a native Slate widget via TakeWidget() then it must be removed explicitly rather than via RemoveFromParent())
[2018.10.19-07.50.29:724][199]PIE: UWidget::RemoveFromParent() called on '/Engine/Transient.ProgressBar_97' which has no UMG parent (if it was added directly to a native Slate widget via TakeWidget() then it must be removed explicitly rather than via RemoveFromParent())
[2018.10.19-07.50.29:740][200]PIE: UWidget::RemoveFromParent() called on '/Engine/Transient.ProgressBar_99' which has no UMG parent (if it was added directly to a native Slate widget via TakeWidget() then it must be removed explicitly rather than via RemoveFromParent())
[2018.10.19-07.50.29:757][201]PIE: UWidget::RemoveFromParent() called on '/Engine/Transient.ProgressBar_101' which has no UMG parent (if it was added directly to a native Slate widget via TakeWidget() then it must be removed explicitly rather than via RemoveFromParent())
[2018.10.19-07.50.29:774][202]PIE: UWidget::RemoveFromParent() called on '/Engine/Transient.ProgressBar_103' which has no UMG parent (if it was added directly to a native Slate widget via TakeWidget() then it must be removed explicitly rather than via RemoveFromParent())
[2018.10.19-07.50.29:788][203]PIE: UWidget::RemoveFromParent() called on '/Engine/Transient.ProgressBar_105' which has no UMG parent (if it was added directly to a native Slate widget via TakeWidget() then it must be removed explicitly rather than via RemoveFromParent())
[2018.10.19-07.50.29:795][203]PIE: UWidget::RemoveFromParent() called on '/Engine/Transient.ProgressBar_107' which has no UMG parent (if it was added directly to a native Slate widget via TakeWidget() then it must be removed explicitly rather than via RemoveFromParent())
[2018.10.19-07.50.29:806][204]PIE: UWidget::RemoveFromParent() called on '/Engine/Transient.ProgressBar_109' which has no UMG parent (if it was added directly to a native Slate widget via TakeWidget() then it must be removed explicitly rather than via RemoveFromParent())
[2018.10.19-07.50.29:812][204]PIE: UWidget::RemoveFromParent() called on '/Engine/Transient.ProgressBar_111' which has no UMG parent (if it was added directly to a native Slate widget via TakeWidget() then it must be removed explicitly rather than via RemoveFromParent())
[2018.10.19-07.50.29:823][205]PIE: UWidget::RemoveFromParent() called on '/Engine/Transient.ProgressBar_113' which has no UMG parent (if it was added directly to a native Slate widget via TakeWidget() then it must be removed explicitly rather than via RemoveFromParent())
[2018.10.19-07.50.29:829][205]PIE: UWidget::RemoveFromParent() called on '/Engine/Transient.ProgressBar_115' which has no UMG parent (if it was added directly to a native Slate widget via TakeWidget() then it must be removed explicitly rather than via RemoveFromParent())
[2018.10.19-07.50.29:842][206]PIE: UWidget::RemoveFromParent() called on '/Engine/Transient.ProgressBar_117' which has no UMG parent (if it was added directly to a native Slate widget via TakeWidget() then it must be removed explicitly rather than via RemoveFromParent())
[2018.10.19-07.50.29:859][207]PIE: UWidget::RemoveFromParent() called on '/Engine/Transient.ProgressBar_119' which has no UMG parent (if it was added directly to a native Slate widget via TakeWidget() then it must be removed explicitly rather than via RemoveFromParent())
[2018.10.19-07.50.29:875][208]PIE: UWidget::RemoveFromParent() called on '/Engine/Transient.ProgressBar_121' which has no UMG parent (if it was added directly to a native Slate widget via TakeWidget() then it must be removed explicitly rather than via RemoveFromParent())
[2018.10.19-07.50.29:893][209]PIE: UWidget::RemoveFromParent() called on '/Engine/Transient.ProgressBar_123' which has no UMG parent (if it was added directly to a native Slate widget via TakeWidget() then it must be removed explicitly rather than via RemoveFromParent())
[2018.10.19-07.50.29:909][210]PIE: UWidget::RemoveFromParent() called on '/Engine/Transient.ProgressBar_125' which has no UMG parent (if it was added directly to a native Slate widget via TakeWidget() then it must be removed explicitly rather than via RemoveFromParent())
[2018.10.19-07.50.29:927][211]PIE: UWidget::RemoveFromParent() called on '/Engine/Transient.ProgressBar_127' which has no UMG parent (if it was added directly to a native Slate widget via TakeWidget() then it must be removed explicitly rather than via RemoveFromParent())
[2018.10.19-07.50.29:942][212]PIE: UWidget::RemoveFromParent() called on '/Engine/Transient.ProgressBar_129' which has no UMG parent (if it was added directly to a native Slate widget via TakeWidget() then it must be removed explicitly rather than via RemoveFromParent())
[2018.10.19-07.50.29:960][213]PIE: UWidget::RemoveFromParent() called on '/Engine/Transient.ProgressBar_131' which has no UMG parent (if it was added directly to a native Slate widget via TakeWidget() then it must be removed explicitly rather than via RemoveFromParent())
[2018.10.19-07.50.29:975][214]PIE: UWidget::RemoveFromParent() called on '/Engine/Transient.ProgressBar_133' which has no UMG parent (if it was added directly to a native Slate widget via TakeWidget() then it must be removed explicitly rather than via RemoveFromParent())
[2018.10.19-07.50.29:992][215]PIE: UWidget::RemoveFromParent() called on '/Engine/Transient.ProgressBar_135' which has no UMG parent (if it was added directly to a native Slate widget via TakeWidget() then it must be removed explicitly rather than via RemoveFromParent())
[2018.10.19-07.50.30:009][216]PIE: UWidget::RemoveFromParent() called on '/Engine/Transient.ProgressBar_137' which has no UMG parent (if it was added directly to a native Slate widget via TakeWidget() then it must be removed explicitly rather than via RemoveFromParent())
[2018.10.19-07.50.30:026][217]PIE: UWidget::RemoveFromParent() called on '/Engine/Transient.ProgressBar_139' which has no UMG parent (if it was added directly to a native Slate widget via TakeWidget() then it must be removed explicitly rather than via RemoveFromParent())
[2018.10.19-07.50.30:043][218]PIE: UWidget::RemoveFromParent() called on '/Engine/Transient.ProgressBar_141' which has no UMG parent (if it was added directly to a native Slate widget via TakeWidget() then it must be removed explicitly rather than via RemoveFromParent())
[2018.10.19-07.50.30:059][219]PIE: UWidget::RemoveFromParent() called on '/Engine/Transient.ProgressBar_143' which has no UMG parent (if it was added directly to a native Slate widget via TakeWidget() then it must be removed explicitly rather than via RemoveFromParent())
[2018.10.19-07.50.30:076][220]PIE: UWidget::RemoveFromParent() called on '/Engine/Transient.ProgressBar_145' which has no UMG parent (if it was added directly to a native Slate widget via TakeWidget() then it must be removed explicitly rather than via RemoveFromParent())
[2018.10.19-07.50.30:093][221]PIE: UWidget::RemoveFromParent() called on '/Engine/Transient.ProgressBar_147' which has no UMG parent (if it was added directly to a native Slate widget via TakeWidget() then it must be removed explicitly rather than via RemoveFromParent())
[2018.10.19-07.50.30:109][222]PIE: UWidget::RemoveFromParent() called on '/Engine/Transient.ProgressBar_149' which has no UMG parent (if it was added directly to a native Slate widget via TakeWidget() then it must be removed explicitly rather than via RemoveFromParent())
[2018.10.19-07.50.30:126][223]PIE: UWidget::RemoveFromParent() called on '/Engine/Transient.ProgressBar_151' which has no UMG parent (if it was added directly to a native Slate widget via TakeWidget() then it must be removed explicitly rather than via RemoveFromParent())
[2018.10.19-07.50.30:142][224]PIE: UWidget::RemoveFromParent() called on '/Engine/Transient.ProgressBar_153' which has no UMG parent (if it was added directly to a native Slate widget via TakeWidget() then it must be removed explicitly rather than via RemoveFromParent())
[2018.10.19-07.50.30:158][225]PIE: UWidget::RemoveFromParent() called on '/Engine/Transient.ProgressBar_155' which has no UMG parent (if it was added directly to a native Slate widget via TakeWidget() then it must be removed explicitly rather than via RemoveFromParent())
[2018.10.19-07.50.30:176][226]PIE: UWidget::RemoveFromParent() called on '/Engine/Transient.ProgressBar_157' which has no UMG parent (if it was added directly to a native Slate widget via TakeWidget() then it must be removed explicitly rather than via RemoveFromParent())
[2018.10.19-07.50.30:192][227]PIE: UWidget::RemoveFromParent() called on '/Engine/Transient.ProgressBar_159' which has no UMG parent (if it was added directly to a native Slate widget via TakeWidget() then it must be removed explicitly rather than via RemoveFromParent())
[2018.10.19-07.50.30:209][228]PIE: UWidget::RemoveFromParent() called on '/Engine/Transient.ProgressBar_161' which has no UMG parent (if it was added directly to a native Slate widget via TakeWidget() then it must be removed explicitly rather than via RemoveFromParent())
[2018.10.19-07.50.30:225][229]PIE: UWidget::RemoveFromParent() called on '/Engine/Transient.ProgressBar_163' which has no UMG parent (if it was added directly to a native Slate widget via TakeWidget() then it must be removed explicitly rather than via RemoveFromParent())
[2018.10.19-07.50.30:242][230]PIE: UWidget::RemoveFromParent() called on '/Engine/Transient.ProgressBar_165' which has no UMG parent (if it was added directly to a native Slate widget via TakeWidget() then it must be removed explicitly rather than via RemoveFromParent())
[2018.10.19-07.50.30:259][231]PIE: UWidget::RemoveFromParent() called on '/Engine/Transient.ProgressBar_167' which has no UMG parent (if it was added directly to a native Slate widget via TakeWidget() then it must be removed explicitly rather than via RemoveFromParent())
[2018.10.19-07.50.30:276][232]PIE: UWidget::RemoveFromParent() called on '/Engine/Transient.ProgressBar_169' which has no UMG parent (if it was added directly to a native Slate widget via TakeWidget() then it must be removed explicitly rather than via RemoveFromParent())
[2018.10.19-07.50.30:292][233]PIE: UWidget::RemoveFromParent() called on '/Engine/Transient.ProgressBar_171' which has no UMG parent (if it was added directly to a native Slate widget via TakeWidget() then it must be removed explicitly rather than via RemoveFromParent())
[2018.10.19-07.50.30:309][234]PIE: UWidget::RemoveFromParent() called on '/Engine/Transient.ProgressBar_173' which has no UMG parent (if it was added directly to a native Slate widget via TakeWidget() then it must be removed explicitly rather than via RemoveFromParent())
[2018.10.19-07.50.30:326][235]PIE: UWidget::RemoveFromParent() called on '/Engine/Transient.ProgressBar_175' which has no UMG parent (if it was added directly to a native Slate widget via TakeWidget() then it must be removed explicitly rather than via RemoveFromParent())
[2018.10.19-07.50.30:342][236]PIE: UWidget::RemoveFromParent() called on '/Engine/Transient.ProgressBar_177' which has no UMG parent (if it was added directly to a native Slate widget via TakeWidget() then it must be removed explicitly rather than via RemoveFromParent())
[2018.10.19-07.50.30:359][237]PIE: UWidget::RemoveFromParent() called on '/Engine/Transient.ProgressBar_179' which has no UMG parent (if it was added directly to a native Slate widget via TakeWidget() then it must be removed explicitly rather than via RemoveFromParent())
[2018.10.19-07.50.30:376][238]PIE: UWidget::RemoveFromParent() called on '/Engine/Transient.ProgressBar_181' which has no UMG parent (if it was added directly to a native Slate widget via TakeWidget() then it must be removed explicitly rather than via RemoveFromParent())
[2018.10.19-07.50.30:393][239]PIE: UWidget::RemoveFromParent() called on '/Engine/Transient.ProgressBar_183' which has no UMG parent (if it was added directly to a native Slate widget via TakeWidget() then it must be removed explicitly rather than via RemoveFromParent())
[2018.10.19-07.50.30:409][240]PIE: UWidget::RemoveFromParent() called on '/Engine/Transient.ProgressBar_185' which has no UMG parent (if it was added directly to a native Slate widget via TakeWidget() then it must be removed explicitly rather than via RemoveFromParent())
[2018.10.19-07.50.30:426][241]PIE: UWidget::RemoveFromParent() called on '/Engine/Transient.ProgressBar_187' which has no UMG parent (if it was added directly to a native Slate widget via TakeWidget() then it must be removed explicitly rather than via RemoveFromParent())
[2018.10.19-07.50.30:443][242]PIE: UWidget::RemoveFromParent() called on '/Engine/Transient.ProgressBar_189' which has no UMG parent (if it was added directly to a native Slate widget via TakeWidget() then it must be removed explicitly rather than via RemoveFromParent())
[2018.10.19-07.50.30:459][243]PIE: UWidget::RemoveFromParent() called on '/Engine/Transient.ProgressBar_191' which has no UMG parent (if it was added directly to a native Slate widget via TakeWidget() then it must be removed explicitly rather than via RemoveFromParent())
[2018.10.19-07.50.33:315][400]BlueprintLog: New page: Compile HealthBarHUD
[2018.10.19-07.50.33:362][400]LogUObjectGlobals: Destroyed PersistentFrame Addr=0x000002552e41ff40, Size=32
[2018.10.19-07.51.23:416][346]BlueprintLog: New page: Compile HealthBarHUD
[2018.10.19-07.52.00:928][917]LogRenderer: Reallocating scene render targets to support 684x424 Format 10 NumSamples 1 (Frame:1).
[2018.10.19-07.59.45:109][987]LogFileHelpers: Editor autosave (incl. sublevels) for '/Game/FirstPersonCPP/Maps/FirstPersonExampleMap' took 0.036
[2018.10.19-07.59.45:117][987]OBJ SavePackage: Generating thumbnails for [0] asset(s) in package [/Game/Assignment2/UIs/PauseMenuHUD] ([1] browsable assets)...
[2018.10.19-07.59.45:117][987]OBJ SavePackage: Finished generating thumbnails for package [/Game/Assignment2/UIs/PauseMenuHUD]
[2018.10.19-07.59.45:195][987]LogSavePackage: Save=19.95ms
[2018.10.19-07.59.45:195][987]LogSavePackage: Moving '../../../../../../Users/Matthew Chu/Documents/FIT2097/FIT2097 Assignment 2/FIT2097Assignment2/Saved/PauseMenuHUD_Auto1B08ECBFA46CC7E770F696996212A633E.tmp' to '../../../../../../Users/Matthew Chu/Documents/FIT2097/FIT2097 Assignment 2/FIT2097Assignment2/Saved/Autosaves/Game/Assignment2/UIs/PauseMenuHUD_Auto1.uasset'
[2018.10.19-07.59.45:202][987]LogSavePackage: Display: Finished SavePackage ../../../../../../Users/Matthew Chu/Documents/FIT2097/FIT2097 Assignment 2/FIT2097Assignment2/Saved/Autosaves/Game/Assignment2/UIs/PauseMenuHUD_Auto1.uasset
[2018.10.19-07.59.45:207][987]OBJ SavePackage: Generating thumbnails for [0] asset(s) in package [/Game/Assignment2/UIs/HealthBarHUD] ([1] browsable assets)...
[2018.10.19-07.59.45:207][987]OBJ SavePackage: Finished generating thumbnails for package [/Game/Assignment2/UIs/HealthBarHUD]
[2018.10.19-07.59.45:272][987]LogSavePackage: Save=15.60ms
[2018.10.19-07.59.45:272][987]LogSavePackage: Moving '../../../../../../Users/Matthew Chu/Documents/FIT2097/FIT2097 Assignment 2/FIT2097Assignment2/Saved/HealthBarHUD_Auto15AD8460C40467FC6FF44A3BBB3A3770D.tmp' to '../../../../../../Users/Matthew Chu/Documents/FIT2097/FIT2097 Assignment 2/FIT2097Assignment2/Saved/Autosaves/Game/Assignment2/UIs/HealthBarHUD_Auto1.uasset'
[2018.10.19-07.59.45:279][987]LogSavePackage: Display: Finished SavePackage ../../../../../../Users/Matthew Chu/Documents/FIT2097/FIT2097 Assignment 2/FIT2097Assignment2/Saved/Autosaves/Game/Assignment2/UIs/HealthBarHUD_Auto1.uasset
[2018.10.19-07.59.45:279][987]LogFileHelpers: Auto-saving content packages took 0.170
